  BackgammonGame.cpp
  The contents of <filesystem> are available only with C++17 or later.
C:\Users\MOHAMAD ALMBAKHER\source\repos\BackgammonGame\BackgammonGame.cpp(40,20): warning C4018: '<': signed/unsigned mismatch
C:\Users\MOHAMAD ALMBAKHER\source\repos\BackgammonGame\BackgammonGame.cpp(51,20): warning C4018: '<': signed/unsigned mismatch
C:\Users\MOHAMAD ALMBAKHER\source\repos\BackgammonGame\BackgammonGame.cpp(67,20): warning C4018: '<': signed/unsigned mismatch
C:\Users\MOHAMAD ALMBAKHER\source\repos\BackgammonGame\BackgammonGame.cpp(203,6): warning C4101: 'num': unreferenced local variable
C:\Users\MOHAMAD ALMBAKHER\source\repos\BackgammonGame\BackgammonGame.cpp(274,21): warning C4018: '<': signed/unsigned mismatch
C:\Users\MOHAMAD ALMBAKHER\source\repos\BackgammonGame\BackgammonGame.cpp(295,20): warning C4018: '<': signed/unsigned mismatch
C:\Users\MOHAMAD ALMBAKHER\source\repos\BackgammonGame\BackgammonGame.cpp(320,21): warning C4018: '<': signed/unsigned mismatch
C:\Users\MOHAMAD ALMBAKHER\source\repos\BackgammonGame\BackgammonGame.cpp(333,20): warning C4018: '<': signed/unsigned mismatch
C:\Users\MOHAMAD ALMBAKHER\source\repos\BackgammonGame\BackgammonGame.cpp(335,21): warning C4018: '<': signed/unsigned mismatch
C:\Users\MOHAMAD ALMBAKHER\source\repos\BackgammonGame\BackgammonGame.cpp(362,20): warning C4018: '<': signed/unsigned mismatch
C:\Users\MOHAMAD ALMBAKHER\source\repos\BackgammonGame\BackgammonGame.cpp(384,21): warning C4018: '<': signed/unsigned mismatch
C:\Users\MOHAMAD ALMBAKHER\source\repos\BackgammonGame\BackgammonGame.cpp(388,22): warning C4018: '<': signed/unsigned mismatch
C:\Users\MOHAMAD ALMBAKHER\source\repos\BackgammonGame\BackgammonGame.cpp(430,22): warning C4018: '<': signed/unsigned mismatch
C:\Users\MOHAMAD ALMBAKHER\source\repos\BackgammonGame\BackgammonGame.cpp(463,22): warning C4018: '<': signed/unsigned mismatch
C:\Users\MOHAMAD ALMBAKHER\source\repos\BackgammonGame\BackgammonGame.cpp(497,20): warning C4018: '<': signed/unsigned mismatch
C:\Users\MOHAMAD ALMBAKHER\source\repos\BackgammonGame\BackgammonGame.cpp(523,28): warning C4018: '<': signed/unsigned mismatch
C:\Users\MOHAMAD ALMBAKHER\source\repos\BackgammonGame\BackgammonGame.cpp(527,21): warning C4018: '<': signed/unsigned mismatch
C:\Users\MOHAMAD ALMBAKHER\source\repos\BackgammonGame\BackgammonGame.cpp(537,22): warning C4018: '<': signed/unsigned mismatch
C:\Users\MOHAMAD ALMBAKHER\source\repos\BackgammonGame\BackgammonGame.cpp(583,20): warning C4018: '<': signed/unsigned mismatch
C:\Users\MOHAMAD ALMBAKHER\source\repos\BackgammonGame\BackgammonGame.cpp(593,15): warning C4244: 'argument': conversion from 'time_t' to 'unsigned int', possible loss of data
C:\Users\MOHAMAD ALMBAKHER\source\repos\BackgammonGame\BackgammonGame.cpp(624,14): warning C4244: 'argument': conversion from 'time_t' to 'unsigned int', possible loss of data
C:\Users\MOHAMAD ALMBAKHER\source\repos\BackgammonGame\BackgammonGame.cpp(720,23): warning C4018: '<': signed/unsigned mismatch
C:\Users\MOHAMAD ALMBAKHER\source\repos\BackgammonGame\BackgammonGame.cpp(737,25): warning C4018: '<': signed/unsigned mismatch
C:\Users\MOHAMAD ALMBAKHER\source\repos\BackgammonGame\BackgammonGame.cpp(762,22): warning C4018: '<': signed/unsigned mismatch
C:\Users\MOHAMAD ALMBAKHER\source\repos\BackgammonGame\BackgammonGame.cpp(799,24): warning C4018: '<': signed/unsigned mismatch
C:\Users\MOHAMAD ALMBAKHER\source\repos\BackgammonGame\BackgammonGame.cpp(849,24): warning C4018: '<': signed/unsigned mismatch
C:\Users\MOHAMAD ALMBAKHER\source\repos\BackgammonGame\BackgammonGame.cpp(872,14): warning C4244: 'argument': conversion from 'time_t' to 'unsigned int', possible loss of data
C:\Users\MOHAMAD ALMBAKHER\source\repos\BackgammonGame\BackgammonGame.cpp(971,23): warning C4018: '<': signed/unsigned mismatch
C:\Users\MOHAMAD ALMBAKHER\source\repos\BackgammonGame\BackgammonGame.cpp(988,30): warning C4018: '<': signed/unsigned mismatch
C:\Users\MOHAMAD ALMBAKHER\source\repos\BackgammonGame\BackgammonGame.cpp(1007,34): warning C4018: '<': signed/unsigned mismatch
C:\Users\MOHAMAD ALMBAKHER\source\repos\BackgammonGame\BackgammonGame.cpp(1019,35): warning C4018: '<': signed/unsigned mismatch
C:\Users\MOHAMAD ALMBAKHER\source\repos\BackgammonGame\BackgammonGame.cpp(1039,25): warning C4018: '<': signed/unsigned mismatch
C:\Users\MOHAMAD ALMBAKHER\source\repos\BackgammonGame\BackgammonGame.cpp(1059,22): warning C4018: '<': signed/unsigned mismatch
C:\Users\MOHAMAD ALMBAKHER\source\repos\BackgammonGame\BackgammonGame.cpp(1094,24): warning C4018: '<': signed/unsigned mismatch
C:\Users\MOHAMAD ALMBAKHER\source\repos\BackgammonGame\BackgammonGame.cpp(1139,24): warning C4018: '<': signed/unsigned mismatch
C:\Users\MOHAMAD ALMBAKHER\source\repos\BackgammonGame\BackgammonGame.cpp(592,12): warning C4102: 'reGenerate': unreferenced label
C:\Users\MOHAMAD ALMBAKHER\source\repos\BackgammonGame\BackgammonGame.cpp(1157,20): warning C4018: '<': signed/unsigned mismatch
C:\Users\MOHAMAD ALMBAKHER\source\repos\BackgammonGame\BackgammonGame.cpp(1171,20): warning C4018: '<': signed/unsigned mismatch
C:\Users\MOHAMAD ALMBAKHER\source\repos\BackgammonGame\BackgammonGame.cpp(1188,20): warning C4018: '<': signed/unsigned mismatch
C:\Users\MOHAMAD ALMBAKHER\source\repos\BackgammonGame\BackgammonGame.cpp(1203,20): warning C4018: '<': signed/unsigned mismatch
C:\Users\MOHAMAD ALMBAKHER\source\repos\BackgammonGame\BackgammonGame.cpp(1211,20): warning C4018: '<': signed/unsigned mismatch
C:\Users\MOHAMAD ALMBAKHER\source\repos\BackgammonGame\BackgammonGame.cpp(1228,20): warning C4018: '<': signed/unsigned mismatch
C:\Users\MOHAMAD ALMBAKHER\source\repos\BackgammonGame\BackgammonGame.cpp(1315,24): warning C4018: '<': signed/unsigned mismatch
C:\Users\MOHAMAD ALMBAKHER\source\repos\BackgammonGame\BackgammonGame.cpp(1381,26): warning C4018: '<': signed/unsigned mismatch
C:\Users\MOHAMAD ALMBAKHER\source\repos\BackgammonGame\BackgammonGame.cpp(1418,24): warning C4018: '<': signed/unsigned mismatch
C:\Users\MOHAMAD ALMBAKHER\source\repos\BackgammonGame\BackgammonGame.cpp(1484,26): warning C4018: '<': signed/unsigned mismatch
C:\Users\MOHAMAD ALMBAKHER\source\repos\BackgammonGame\BackgammonGame.cpp(1519,23): warning C4018: '<': signed/unsigned mismatch
C:\Users\MOHAMAD ALMBAKHER\source\repos\BackgammonGame\BackgammonGame.cpp(1583,25): warning C4018: '<': signed/unsigned mismatch
C:\Users\MOHAMAD ALMBAKHER\source\repos\BackgammonGame\BackgammonGame.cpp(489): warning C4715: 'checkIfAllflakesInGoal': not all control paths return a value
  BackgammonGame.vcxproj -> C:\Users\MOHAMAD ALMBAKHER\source\repos\BackgammonGame\Debug\BackgammonGame.exe
